<?xml version="1.0" encoding="UTF-8"?>
<!-- Generated by org.testng.reporters.JUnitReportReporter -->
<testsuite hostname="DESKTOP-0AB8V70" failures="0" tests="1" name="testCases.TC002_LoginTest" time="5.400" errors="0" timestamp="2024-12-19T14:34:51 IST" skipped="0">
  <testcase classname="testCases.TC002_LoginTest" name="verify_login" time="5.400"/>
</testsuite> <!-- testCases.TC002_LoginTest -->
