<?xml version="1.0" encoding="UTF-8"?>
<!-- Generated by org.testng.reporters.JUnitReportReporter -->
<testsuite hostname="DESKTOP-0AB8V70" failures="0" tests="1" name="testCases.TC002_LoginTest" time="2.272" errors="0" timestamp="2024-12-19T14:49:07 IST" skipped="0">
  <testcase classname="testCases.TC002_LoginTest" name="verify_login" time="2.272"/>
</testsuite> <!-- testCases.TC002_LoginTest -->
