<?xml version="1.0" encoding="UTF-8"?>
<!-- Generated by org.testng.reporters.JUnitReportReporter -->
<testsuite hostname="DESKTOP-0AB8V70" failures="0" tests="1" name="testCases.TC001_AccountRegistrationTest" time="3.887" errors="0" timestamp="2024-12-19T14:49:07 IST" skipped="0">
  <testcase classname="testCases.TC001_AccountRegistrationTest" name="verify_account_registration" time="3.887"/>
</testsuite> <!-- testCases.TC001_AccountRegistrationTest -->
